
> icare-admin-console@1.0.0 dev
> next dev -p 3000

  ▲ Next.js 14.2.35
  - Local:        http://localhost:3000
  - Environments: .env.local

 ✓ Starting...
 ✓ Ready in 1182ms
 ✓ Compiled /middleware in 47ms
 ✓ Compiled (123 modules)
<w> [webpack.cache.PackFileCacheStrategy] Serializing big strings (133kiB) impacts deserialization performance (consider using Buffer instead and decode when needed)
 ○ Compiling / ...
 ✓ Compiled / in 1878ms (1509 modules)
 GET / 200 in 2038ms
 ✓ Compiled /api/dashboard in 253ms (832 modules)
 GET /api/dashboard 200 in 3968ms
 GET /api/dashboard 200 in 1832ms
 ○ Compiling /reports ...
 ✓ Compiled /reports in 1139ms (2230 modules)
 ✓ Compiled /api/audit-metadata in 104ms (1187 modules)
 GET /api/audit-metadata 200 in 139ms
 ✓ Compiled /api/users in 60ms (1189 modules)
 ✓ Compiled /api/activity in 74ms (1191 modules)
 GET /api/users 200 in 1178ms
 GET /api/activity?channelId=97488e04-a0ff-4bd1-bfd3-7cbffe303757 200 in 1219ms
 GET /api/activity?channelId=cfb41847-ecae-499b-9b13-c9586ae749de 200 in 1229ms
 GET /api/activity?channelId=f665be76-c9a8-4ec0-b2a1-1e9769dcfaea 200 in 1324ms
 GET /api/activity?channelId=56a3fd26-eab2-4604-a467-cd1e2232d4d3 200 in 896ms
 GET /api/activity?channelId=96400f53-5daf-4529-a80a-3909e0d92200 200 in 1117ms
 GET /api/activity?channelId=96400f53-5daf-4529-a80a-3909e0d92200 200 in 989ms
 GET /api/activity?channelId=f665be76-c9a8-4ec0-b2a1-1e9769dcfaea 200 in 874ms
 GET /api/activity?channelId=56a3fd26-eab2-4604-a467-cd1e2232d4d3 200 in 943ms
 GET /api/activity?channelId=97488e04-a0ff-4bd1-bfd3-7cbffe303757 200 in 940ms
 GET /api/activity?channelId=cfb41847-ecae-499b-9b13-c9586ae749de 200 in 1034ms
 GET /api/activity?channelId=96400f53-5daf-4529-a80a-3909e0d92200 200 in 871ms
 GET /api/activity?channelId=56a3fd26-eab2-4604-a467-cd1e2232d4d3 200 in 930ms
 GET /api/activity?channelId=96400f53-5daf-4529-a80a-3909e0d92200 200 in 842ms
 GET /api/activity?channelId=cfb41847-ecae-499b-9b13-c9586ae749de 200 in 892ms
 GET /api/activity?channelId=f665be76-c9a8-4ec0-b2a1-1e9769dcfaea 200 in 921ms
 GET /api/activity?channelId=56a3fd26-eab2-4604-a467-cd1e2232d4d3 200 in 924ms
 GET /api/activity?channelId=97488e04-a0ff-4bd1-bfd3-7cbffe303757 200 in 1124ms
